
=== Mon Oct 19 16:00:36 2020

Packages were changed.
Update Mode: updateDependencies

The following packages were added:
  com.unity.2d.sprite@1.0.0
  com.unity.2d.tilemap@1.0.0
  com.unity.ads@3.4.9
  com.unity.analytics@3.3.5
  com.unity.collab-proxy@1.2.16
  com.unity.ide.rider@1.1.4
  com.unity.ide.vscode@1.2.1
  com.unity.multiplayer-hlapi@1.0.6
  com.unity.purchasing@2.1.0
  com.unity.test-framework@1.1.16
  com.unity.textmeshpro@2.0.1
  com.unity.timeline@1.2.6
  com.unity.xr.legacyinputhelpers@2.1.4
The following packages were removed:
  com.unity.package-manager-ui@2.2.0

=== Tue Jan 26 11:51:25 2021

Packages were changed.
Update Mode: updateDependencies

The following packages were updated:
  com.unity.ide.vscode from version 1.2.1 to 1.2.3
  com.unity.test-framework from version 1.1.16 to 1.1.19
